<?xml version="1.0" encoding="UTF-8"?>
<testng-results ignored="0" total="2" passed="2" failed="0" skipped="0">
  <reporter-output>
  </reporter-output>
  <suite started-at="2025-03-27T16:35:15 PDT" name="Default suite" finished-at="2025-03-27T16:35:41 PDT" duration-ms="26272">
    <groups>
    </groups>
    <test started-at="2025-03-27T16:35:15 PDT" name="Default test" finished-at="2025-03-27T16:35:41 PDT" duration-ms="26272">
      <class name="gopi_Seleniummav.StandAloneTest">
        <test-method is-config="true" signature="launchApplication()[pri:0, instance:gopi_Seleniummav.StandAloneTest@7c729a55]" started-at="2025-03-27T16:35:15 PDT" name="launchApplication" finished-at="2025-03-27T16:35:27 PDT" duration-ms="11784" status="PASS">
          <reporter-output>
          </reporter-output>
        </test-method> <!-- launchApplication -->
        <test-method signature="submitOrderFlow(java.lang.String,java.lang.String,java.lang.String)[pri:0, instance:gopi_Seleniummav.StandAloneTest@7c729a55]" started-at="2025-03-27T16:35:27 PDT" name="submitOrderFlow" data-provider="getData" finished-at="2025-03-27T16:35:36 PDT" duration-ms="9339" status="PASS">
          <params>
            <param index="0">
              <value>
                <![CDATA[Gops@test.com]]>
              </value>
            </param>
            <param index="1">
              <value>
                <![CDATA[Test@123]]>
              </value>
            </param>
            <param index="2">
              <value>
                <![CDATA[IPHONE 13 PRO]]>
              </value>
            </param>
          </params>
          <reporter-output>
          </reporter-output>
        </test-method> <!-- submitOrderFlow -->
        <test-method signature="orderHistoryValidation(java.lang.String,java.lang.String,java.lang.String)[pri:0, instance:gopi_Seleniummav.StandAloneTest@7c729a55]" started-at="2025-03-27T16:35:36 PDT" name="orderHistoryValidation" data-provider="getData" finished-at="2025-03-27T16:35:41 PDT" depends-on-methods="gopi_Seleniummav.StandAloneTest.submitOrderFlow" duration-ms="5100" status="PASS">
          <params>
            <param index="0">
              <value>
                <![CDATA[Gops@test.com]]>
              </value>
            </param>
            <param index="1">
              <value>
                <![CDATA[Test@123]]>
              </value>
            </param>
            <param index="2">
              <value>
                <![CDATA[IPHONE 13 PRO]]>
              </value>
            </param>
          </params>
          <reporter-output>
          </reporter-output>
        </test-method> <!-- orderHistoryValidation -->
        <test-method is-config="true" signature="closeDriver()[pri:0, instance:gopi_Seleniummav.StandAloneTest@7c729a55]" started-at="2025-03-27T16:35:41 PDT" name="closeDriver" finished-at="2025-03-27T16:35:42 PDT" duration-ms="158" status="PASS">
          <reporter-output>
          </reporter-output>
        </test-method> <!-- closeDriver -->
      </class> <!-- gopi_Seleniummav.StandAloneTest -->
    </test> <!-- Default test -->
  </suite> <!-- Default suite -->
</testng-results>
